<?xml version="1.0" encoding="UTF-8"?>
<!-- Generated by org.testng.reporters.JUnitXMLReporter -->
<testsuite ignored="0" hostname="FACULTY-3F-1G" failures="0" tests="3" name="chromeTest" time="60.069" errors="0" timestamp="2022-05-16T17:41:12 IST">
  <testcase classname="ocsa7.testscript.CreateCustomer" name="customerCreation" time="7.412"/>
  <testcase classname="ocsa7.testscript.ActitimeVersion" name="fetchVersion" time="4.227"/>
  <testcase classname="ocsa7.testscript.Report" name="reportTitle" time="9.547"/>
</testsuite> <!-- chromeTest -->
