<?xml version="1.0" encoding="UTF-8"?>
<!-- Generated by org.testng.reporters.JUnitXMLReporter -->
<testsuite ignored="0" hostname="FACULTY-3F-1G" failures="0" tests="3" name="edgeTest" time="63.8" errors="0" timestamp="2022-05-16T17:41:16 IST">
  <testcase classname="ocsa7.testscript.CreateCustomer" name="customerCreation" time="7.132"/>
  <testcase classname="ocsa7.testscript.ActitimeVersion" name="fetchVersion" time="4.291"/>
  <testcase classname="ocsa7.testscript.Report" name="reportTitle" time="7.79"/>
</testsuite> <!-- edgeTest -->
