<?xml version="1.0" encoding="UTF-8"?>
<testng-results ignored="0" total="1" passed="1" failed="0" skipped="0">
  <reporter-output>
  </reporter-output>
  <suite started-at="2022-05-18T17:14:47 IST" name="Default suite" finished-at="2022-05-18T17:15:08 IST" duration-ms="20507">
    <groups>
    </groups>
    <test started-at="2022-05-18T17:14:47 IST" name="Default test" finished-at="2022-05-18T17:15:08 IST" duration-ms="20507">
      <class name="ocsa7.testscript.Report">
        <test-method is-config="true" signature="launchBrowser()[pri:0, instance:ocsa7.testscript.Report@79e2c065]" started-at="2022-05-18T17:14:47 IST" name="launchBrowser" finished-at="2022-05-18T17:14:50 IST" duration-ms="2874" status="PASS">
          <reporter-output>
          </reporter-output>
        </test-method> <!-- launchBrowser -->
        <test-method is-config="true" signature="loginApp()[pri:0, instance:ocsa7.testscript.Report@79e2c065]" started-at="2022-05-18T17:14:50 IST" name="loginApp" finished-at="2022-05-18T17:14:58 IST" duration-ms="8172" status="PASS">
          <reporter-output>
          </reporter-output>
        </test-method> <!-- loginApp -->
        <test-method signature="reportTitle()[pri:0, instance:ocsa7.testscript.Report@79e2c065]" started-at="2022-05-18T17:14:58 IST" name="reportTitle" finished-at="2022-05-18T17:15:05 IST" duration-ms="7068" status="PASS">
          <reporter-output>
          </reporter-output>
        </test-method> <!-- reportTitle -->
        <test-method is-config="true" signature="logoutApp()[pri:0, instance:ocsa7.testscript.Report@79e2c065]" started-at="2022-05-18T17:15:05 IST" name="logoutApp" finished-at="2022-05-18T17:15:08 IST" duration-ms="2170" status="PASS">
          <reporter-output>
          </reporter-output>
        </test-method> <!-- logoutApp -->
        <test-method is-config="true" signature="closeBrowser()[pri:0, instance:ocsa7.testscript.Report@79e2c065]" started-at="2022-05-18T17:15:08 IST" name="closeBrowser" finished-at="2022-05-18T17:15:08 IST" duration-ms="194" status="PASS">
          <reporter-output>
          </reporter-output>
        </test-method> <!-- closeBrowser -->
      </class> <!-- ocsa7.testscript.Report -->
    </test> <!-- Default test -->
  </suite> <!-- Default suite -->
</testng-results>
